NOTE from PE     0: MPP_DOMAINS_SET_STACK_SIZE: stack size set to    32768.
NOTE from PE     0: MPP_DOMAINS_SET_STACK_SIZE: stack size set to  5000000.
NOTE from PE     0: field_manager_init:: You are using the legacy version of the field_table
 
 Dumping coupler_mod/types tree
types/
      air_sea_gas_flux_generic/
            implementation/
                  ocmip2/
                        num_parameters = 2
                  duce/
                        num_parameters = 1
                  johnson/
                        num_parameters = 2
            num_flags = 0
            use_atm_pressure = T
            use_10m_wind_speed = T
            pass_through_ice = F
            atm/
                  name[1] = 'pcair'
                  name[2] = 'u10'
                  name[3] = 'psurf'
                  long_name[1] = 'Atmospheric concentration'
                  long_name[2] = 'Wind speed at 10 m'
                  long_name[3] = 'Surface atmospheric pressure'
                  units[1] = 'mol/mol'
                  units[2] = 'm/s'
                  units[3] = 'Pa'
            ice/
                  name[1] = 'alpha'
                  name[2] = 'csurf'
                  name[3] = 'sc_no'
                  long_name[1] = 'Solubility w.r.t. atmosphere'
                  long_name[2] = 'Ocean concentration'
                  long_name[3] = 'Schmidt number'
                  units[1] = 'mol/m^3/atm'
                  units[2] = 'mol/m^3'
                  units[3] = 'dimensionless'
            flux/
                  name[1] = 'flux'
                  name[2] = 'deltap'
                  name[3] = 'kw'
                  name[4] = 'flux0'
                  long_name[1] = 'Surface flux'
                  long_name[2] = 'Ocean-air delta pressure'
                  long_name[3] = 'Piston velocity'
                  long_name[4] = 'Surface flux no atm'
                  units[1] = 'mol/m^2/s'
                  units[2] = 'uatm'
                  units[3] = 'm/s'
                  units[4] = 'mol/m^2/s'
      air_sea_gas_flux/
            implementation/
                  ocmip2/
                        num_parameters = 2
                  ocmip2_data/
                        num_parameters = 2
                  linear/
                        num_parameters = 3
            num_flags = 0
            use_atm_pressure = T
            use_10m_wind_speed = T
            pass_through_ice = F
            atm/
                  name[1] = 'pcair'
                  name[2] = 'u10'
                  name[3] = 'psurf'
                  long_name[1] = 'Atmospheric concentration'
                  long_name[2] = 'Wind speed at 10 m'
                  long_name[3] = 'Surface atmospheric pressure'
                  units[1] = 'mol/mol'
                  units[2] = 'm/s'
                  units[3] = 'Pa'
            ice/
                  name[1] = 'alpha'
                  name[2] = 'csurf'
                  long_name[1] = 'Solubility from atmosphere times Schmidt number term'
                  long_name[2] = 'Ocean concentration times Schmidt number term'
                  units[1] = 'mol/m^3/atm'
                  units[2] = 'mol/m^3'
            flux/
                  name = 'flux'
                  long_name = 'Surface flux'
                  units = 'mol/m^2/s'
      air_sea_deposition/
            implementation/
                  dry/
                        num_parameters = 1
                  wet/
                        num_parameters = 1
            num_flags = 0
            use_atm_pressure = F
            use_10m_wind_speed = F
            pass_through_ice = T
            atm/
                  name = 'deposition'
                  long_name = 'Atmospheric deposition'
                  units = 'kg/m^2/s'
            ice/
                  name = NULL
                  long_name = NULL
                  units = NULL
            flux/
                  name = 'flux'
                  long_name = 'Surface deposition'
                  units = 'mol/m^2/s'
      land_sea_runoff/
            implementation/
                  river/
                        num_parameters = 1
            num_flags = 0
            use_atm_pressure = F
            use_10m_wind_speed = F
            pass_through_ice = T
            atm/
                  name = 'runoff'
                  long_name = 'Concentration in land runoff'
                  units = 'mol/m^3'
            ice/
                  name = NULL
                  long_name = NULL
                  units = NULL
            flux/
                  name = 'flux'
                  long_name = 'Concentration in land runoff'
                  units = 'mol/m^3'
NOTE from PE     0: open_param_file: MOM_input has been opened successfully.
NOTE from PE     0: close_param_file: MOM_input has been closed successfully.
 ==>Note from atmos_ocean_fluxes_mod(atmos_ocean_fluxes_init): No gas fluxes
NOTE from PE     0: callTree: ---> ocean_model_init(), ocean_model_MOM.F90
NOTE from PE     0: open_param_file: MOM_input has been opened successfully.
NOTE from PE     0: MOM_domains_init: reading maskmap information from ./INPUT/mask_table.1490.84x49
 MOM_in domain decomposition
whalo =    4, ehalo =    4, shalo =    4, nhalo =    4
  X-AXIS =  167 167 166 166 166 166 166 166 166 166 166 166 166 166 166 166 166 166 166 166 166 166 166 166
            167 167
  Y-AXIS =   15  15  15  15  15  15  15  15  15  15  15  15  15  15  14  14  14  14  14  14  14  14  14  14
             14  14  14  14  14  14  14  14  14  14  14  14  14  14  14  14  14  14  14  14  14  14  14  14
             14  14  14  14  14  14  14  14  14  14  14  14  14  14  14  14  14  14  14  14  14  14  14  14
             14  14  14  14  14  14  14  14  14  14  14  14  14  14  14  15  15  15  15  15  15  15  15  15
             15  15  15  15  15
 MOM_inc domain decomposition
whalo =    2, ehalo =    2, shalo =    2, nhalo =    2
  X-AXIS =   84  83  83  83  83  83  83  83  83  83  83  83  83  83  83  83  83  83  83  83  83  83  83  83
             83  84
  Y-AXIS =    8   8   8   8   8   8   8   7   7   7   7   7   7   7   7   7   7   7   7   7   7   7   7   7
              7   7   7   7   7   7   7   7   7   7   7   7   7   7   7   7   7   7   7   7   7   7   7   7
              7   7   7   7   7   7   7   7   7   7   7   7   7   7   7   7   7   7   7   7   7   7   7   7
              7   7   7   7   7   7   7   7   7   7   7   7   7   7   7   7   7   7   7   7   7   7   8   8
              8   8   8   8   8
 parse_mask_table: Number of domain regions masked in MOM_in =         1490
 MOM_in domain decomposition
whalo =    4, ehalo =    4, shalo =    4, nhalo =    4
  X-AXIS =   52  52  52  52  52  52  52  52  52  52  52  52  52  52  52  52  52  52  51  51  51  51  51  51
             51  51  51  51  51  51  51  51  51  51  51  51  51  51  51  51  51  51  51  51  51  51  51  51
             51  51  51  51  51  51  51  51  51  51  51  51  51  51  51  51  51  51  52  52  52  52  52  52
             52  52  52  52  52  52  52  52  52  52  52  52
  Y-AXIS =   30  30  30  30  30  30  30  30  30  30  30  29  29  29  29  29  29  29  29  29  29  29  29  29
             28  29  29  29  29  29  29  29  29  29  29  29  29  29  30  30  30  30  30  30  30  30  30  30
             30
 MOM_inc domain decomposition
whalo =    2, ehalo =    2, shalo =    2, nhalo =    2
  X-AXIS =   26  26  26  26  26  26  26  26  26  26  26  26  26  26  26  26  26  26  26  26  26  26  26  26
             26  26  26  26  26  26  25  25  25  25  25  25  25  25  25  25  25  25  25  25  25  25  25  25
             25  25  25  25  25  25  26  26  26  26  26  26  26  26  26  26  26  26  26  26  26  26  26  26
             26  26  26  26  26  26  26  26  26  26  26  26
  Y-AXIS =   15  15  15  15  15  15  15  15  15  15  15  15  15  15  15  15  15  15  14  14  14  14  14  14
             13  14  14  14  14  14  14  15  15  15  15  15  15  15  15  15  15  15  15  15  15  15  15  15
             15
NOTE from PE     0: diag_manager_mod::diag_manager_init: prepend_date only supported when diag_manager_init is called with time_init present.
NOTE from PE     0: diag_manager_mod::diag_manager_init: You are using the legacy version of the diag table
 MOM_in domain decomposition
whalo =    4, ehalo =    4, shalo =    4, nhalo =    4
  X-AXIS =   52  52  52  52  52  52  52  52  52  52  52  52  52  52  52  52  52  52  51  51  51  51  51  51
             51  51  51  51  51  51  51  51  51  51  51  51  51  51  51  51  51  51  51  51  51  51  51  51
             51  51  51  51  51  51  51  51  51  51  51  51  51  51  51  51  51  51  52  52  52  52  52  52
             52  52  52  52  52  52  52  52  52  52  52  52
  Y-AXIS =   30  30  30  30  30  30  30  30  30  30  30  29  29  29  29  29  29  29  29  29  29  29  29  29
             28  29  29  29  29  29  29  29  29  29  29  29  29  29  30  30  30  30  30  30  30  30  30  30
             30
 MOM_in domain decomposition
whalo =    2, ehalo =    2, shalo =    2, nhalo =    2
  X-AXIS =   26  26  26  26  26  26  26  26  26  26  26  26  26  26  26  26  26  26  26  26  26  26  26  26
             26  26  26  26  26  26  25  25  25  25  25  25  25  25  25  25  25  25  25  25  25  25  25  25
             25  25  25  25  25  25  26  26  26  26  26  26  26  26  26  26  26  26  26  26  26  26  26  26
             26  26  26  26  26  26  26  26  26  26  26  26
  Y-AXIS =   15  15  15  15  15  15  15  15  15  15  15  15  15  15  15  15  15  15  14  14  14  14  14  14
             13  14  14  14  14  14  14  15  15  15  15  15  15  15  15  15  15  15  15  15  15  15  15  15
             15
 MOM_MOSAIC domain decomposition
whalo =    9, ehalo =    9, shalo =    9, nhalo =    9
  X-AXIS =  104 104 104 104 104 104 104 104 104 104 104 104 104 104 104 104 104 104 102 102 102 102 102 102
            102 102 102 102 102 102 102 102 102 102 102 102 102 102 102 102 102 102 102 102 102 102 102 102
            102 102 102 102 102 102 102 102 102 102 102 102 102 102 102 102 102 102 104 104 104 104 104 104
            104 104 104 104 104 104 104 104 104 104 104 104
  Y-AXIS =   60  60  60  60  60  60  60  60  60  60  60  58  58  58  58  58  58  58  58  58  58  58  58  58
             56  58  58  58  58  58  58  58  58  58  58  58  58  58  60  60  60  60  60  60  60  60  60  60
             60
 MOM_MOSAIC domain decomposition
whalo =    4, ehalo =    4, shalo =    4, nhalo =    4
  X-AXIS =   52  52  52  52  52  52  52  52  52  52  52  52  52  52  52  52  52  52  51  51  51  51  51  51
             51  51  51  51  51  51  51  51  51  51  51  51  51  51  51  51  51  51  51  51  51  51  51  51
             51  51  51  51  51  51  51  51  51  51  51  51  51  51  51  51  51  51  52  52  52  52  52  52
             52  52  52  52  52  52  52  52  52  52  52  52
  Y-AXIS =   30  30  30  30  30  30  30  30  30  30  30  29  29  29  29  29  29  29  29  29  29  29  29  29
             28  29  29  29  29  29  29  29  29  29  29  29  29  29  30  30  30  30  30  30  30  30  30  30
             30
 MOM_in domain decomposition
whalo =    4, ehalo =    4, shalo =    4, nhalo =    4
  X-AXIS =   52  52  52  52  52  52  52  52  52  52  52  52  52  52  52  52  52  52  51  51  51  51  51  51
             51  51  51  51  51  51  51  51  51  51  51  51  51  51  51  51  51  51  51  51  51  51  51  51
             51  51  51  51  51  51  51  51  51  51  51  51  51  51  51  51  51  51  52  52  52  52  52  52
             52  52  52  52  52  52  52  52  52  52  52  52
  Y-AXIS =   30  30  30  30  30  30  30  30  30  30  30  29  29  29  29  29  29  29  29  29  29  29  29  29
             28  29  29  29  29  29  29  29  29  29  29  29  29  29  30  30  30  30  30  30  30  30  30  30
             30
 MOM_in domain decomposition
whalo =    2, ehalo =    2, shalo =    2, nhalo =    2
  X-AXIS =   26  26  26  26  26  26  26  26  26  26  26  26  26  26  26  26  26  26  26  26  26  26  26  26
             26  26  26  26  26  26  25  25  25  25  25  25  25  25  25  25  25  25  25  25  25  25  25  25
             25  25  25  25  25  25  26  26  26  26  26  26  26  26  26  26  26  26  26  26  26  26  26  26
             26  26  26  26  26  26  26  26  26  26  26  26
  Y-AXIS =   15  15  15  15  15  15  15  15  15  15  15  15  15  15  15  15  15  15  14  14  14  14  14  14
             13  14  14  14  14  14  14  15  15  15  15  15  15  15  15  15  15  15  15  15  15  15  15  15
             15
NOTE from PE     0: MOM_restart: MOM run restarted using decomposed fileset: ./access-om3.mom6.r.1900-04-01-00000.nc
NOTE from PE     0: MOM_restart: MOM run restarted using decomposed fileset: ./access-om3.mom6.r.1900-04-01-00000_1.nc
NOTE from PE     0: MOM_restart: MOM run restarted using decomposed fileset: ./access-om3.mom6.r.1900-04-01-00000_2.nc
NOTE from PE     0: MOM_restart: MOM run restarted using decomposed fileset: ./access-om3.mom6.r.1900-04-01-00000_3.nc
NOTE from PE     0: MOM_restart: MOM run restarted using decomposed fileset: ./access-om3.mom6.r.1900-04-01-00000_4.nc
NOTE from PE     0: MOM_restart: MOM run restarted using decomposed fileset: ./access-om3.mom6.r.1900-04-01-00000_5.nc
NOTE from PE     0: MOM_restart: MOM run restarted using decomposed fileset: ./access-om3.mom6.r.1900-04-01-00000_6.nc
NOTE from PE     0: MOM_restart: MOM run restarted using decomposed fileset: ./access-om3.mom6.r.1900-04-01-00000_7.nc
NOTE from PE     0: MOM_restart: MOM run restarted using decomposed fileset: ./access-om3.mom6.r.1900-04-01-00000_8.nc
NOTE from PE     0: MOM_restart: MOM run restarted using decomposed fileset: ./access-om3.mom6.r.1900-04-01-00000_9.nc
NOTE from PE     0: MOM_restart: MOM run restarted using decomposed fileset: ./access-om3.mom6.r.1900-04-01-00000_10.nc
NOTE from PE     0: MOM_restart: MOM run restarted using decomposed fileset: ./access-om3.mom6.r.1900-04-01-00000_11.nc
NOTE from PE     0: MOM_restart: MOM run restarted using decomposed fileset: ./access-om3.mom6.r.1900-04-01-00000_12.nc
NOTE from PE     0: MOM_restart: MOM run restarted using decomposed fileset: ./access-om3.mom6.r.1900-04-01-00000_13.nc
NOTE from PE     0: MOM_restart: MOM run restarted using decomposed fileset: ./access-om3.mom6.r.1900-04-01-00000_14.nc
NOTE from PE     0: MOM_restart: MOM run restarted using decomposed fileset: ./access-om3.mom6.r.1900-04-01-00000_15.nc
NOTE from PE     0: MOM_restart: MOM run restarted using decomposed fileset: ./access-om3.mom6.r.1900-04-01-00000_16.nc
NOTE from PE     0: MOM_restart: MOM run restarted using decomposed fileset: ./access-om3.mom6.r.1900-04-01-00000_17.nc
NOTE from PE     0: MOM_restart: MOM run restarted using decomposed fileset: ./access-om3.mom6.r.1900-04-01-00000_18.nc

WARNING from PE  2600: categorize_axes: Failed to identify x- and y- axes in the axis list (nx_segment_001, ny_segment_001, time) of a variable being read from ./INPUT/forcing_access_yr2_8km_fill.nc


WARNING from PE  2603: categorize_axes: Failed to identify x- and y- axes in the axis list (nx_segment_001, ny_segment_001, time) of a variable being read from ./INPUT/forcing_access_yr2_8km_fill.nc


WARNING from PE  2543: categorize_axes: Failed to identify x- and y- axes in the axis list (nx_segment_001, ny_segment_001, time) of a variable being read from ./INPUT/forcing_access_yr2_8km_fill.nc


WARNING from PE  2606: categorize_axes: Failed to identify x- and y- axes in the axis list (nx_segment_001, ny_segment_001, time) of a variable being read from ./INPUT/forcing_access_yr2_8km_fill.nc


WARNING from PE  2620: categorize_axes: Failed to identify x- and y- axes in the axis list (nx_segment_001, ny_segment_001, time) of a variable being read from ./INPUT/forcing_access_yr2_8km_fill.nc


WARNING from PE  2621: categorize_axes: Failed to identify x- and y- axes in the axis list (nx_segment_001, ny_segment_001, time) of a variable being read from ./INPUT/forcing_access_yr2_8km_fill.nc


WARNING from PE  2544: categorize_axes: Failed to identify x- and y- axes in the axis list (nx_segment_001, ny_segment_001, time) of a variable being read from ./INPUT/forcing_access_yr2_8km_fill.nc


WARNING from PE  2546: categorize_axes: Failed to identify x- and y- axes in the axis list (nx_segment_001, ny_segment_001, time) of a variable being read from ./INPUT/forcing_access_yr2_8km_fill.nc


WARNING from PE  2547: categorize_axes: Failed to identify x- and y- axes in the axis list (nx_segment_001, ny_segment_001, time) of a variable being read from ./INPUT/forcing_access_yr2_8km_fill.nc


WARNING from PE  2601: categorize_axes: Failed to identify x- and y- axes in the axis list (nx_segment_001, ny_segment_001, time) of a variable being read from ./INPUT/forcing_access_yr2_8km_fill.nc


WARNING from PE  2602: categorize_axes: Failed to identify x- and y- axes in the axis list (nx_segment_001, ny_segment_001, time) of a variable being read from ./INPUT/forcing_access_yr2_8km_fill.nc


WARNING from PE  2605: categorize_axes: Failed to identify x- and y- axes in the axis list (nx_segment_001, ny_segment_001, time) of a variable being read from ./INPUT/forcing_access_yr2_8km_fill.nc


WARNING from PE  2608: categorize_axes: Failed to identify x- and y- axes in the axis list (nx_segment_001, ny_segment_001, time) of a variable being read from ./INPUT/forcing_access_yr2_8km_fill.nc


WARNING from PE  2613: categorize_axes: Failed to identify x- and y- axes in the axis list (nx_segment_001, ny_segment_001, time) of a variable being read from ./INPUT/forcing_access_yr2_8km_fill.nc


WARNING from PE  2619: categorize_axes: Failed to identify x- and y- axes in the axis list (nx_segment_001, ny_segment_001, time) of a variable being read from ./INPUT/forcing_access_yr2_8km_fill.nc


WARNING from PE  2624: categorize_axes: Failed to identify x- and y- axes in the axis list (nx_segment_001, ny_segment_001, time) of a variable being read from ./INPUT/forcing_access_yr2_8km_fill.nc


WARNING from PE  2625: categorize_axes: Failed to identify x- and y- axes in the axis list (nx_segment_001, ny_segment_001, time) of a variable being read from ./INPUT/forcing_access_yr2_8km_fill.nc


WARNING from PE  2604: categorize_axes: Failed to identify x- and y- axes in the axis list (nx_segment_001, ny_segment_001, time) of a variable being read from ./INPUT/forcing_access_yr2_8km_fill.nc


WARNING from PE  2623: categorize_axes: Failed to identify x- and y- axes in the axis list (nx_segment_001, ny_segment_001, time) of a variable being read from ./INPUT/forcing_access_yr2_8km_fill.nc


WARNING from PE  2584: categorize_axes: Failed to identify x- and y- axes in the axis list (nx_segment_001, ny_segment_001, time) of a variable being read from ./INPUT/forcing_access_yr2_8km_fill.nc


WARNING from PE  2618: categorize_axes: Failed to identify x- and y- axes in the axis list (nx_segment_001, ny_segment_001, time) of a variable being read from ./INPUT/forcing_access_yr2_8km_fill.nc


WARNING from PE  2609: categorize_axes: Failed to identify x- and y- axes in the axis list (nx_segment_001, ny_segment_001, time) of a variable being read from ./INPUT/forcing_access_yr2_8km_fill.nc


WARNING from PE  2622: categorize_axes: Failed to identify x- and y- axes in the axis list (nx_segment_001, ny_segment_001, time) of a variable being read from ./INPUT/forcing_access_yr2_8km_fill.nc


WARNING from PE  2616: categorize_axes: Failed to identify x- and y- axes in the axis list (nx_segment_001, ny_segment_001, time) of a variable being read from ./INPUT/forcing_access_yr2_8km_fill.nc


WARNING from PE  2617: categorize_axes: Failed to identify x- and y- axes in the axis list (nx_segment_001, ny_segment_001, time) of a variable being read from ./INPUT/forcing_access_yr2_8km_fill.nc


WARNING from PE  2607: categorize_axes: Failed to identify x- and y- axes in the axis list (nx_segment_001, ny_segment_001, time) of a variable being read from ./INPUT/forcing_access_yr2_8km_fill.nc


WARNING from PE  2612: categorize_axes: Failed to identify x- and y- axes in the axis list (nx_segment_001, ny_segment_001, time) of a variable being read from ./INPUT/forcing_access_yr2_8km_fill.nc


WARNING from PE  2615: categorize_axes: Failed to identify x- and y- axes in the axis list (nx_segment_001, ny_segment_001, time) of a variable being read from ./INPUT/forcing_access_yr2_8km_fill.nc


WARNING from PE  2610: categorize_axes: Failed to identify x- and y- axes in the axis list (nx_segment_001, ny_segment_001, time) of a variable being read from ./INPUT/forcing_access_yr2_8km_fill.nc


WARNING from PE  2614: categorize_axes: Failed to identify x- and y- axes in the axis list (nx_segment_001, ny_segment_001, time) of a variable being read from ./INPUT/forcing_access_yr2_8km_fill.nc


WARNING from PE  2611: categorize_axes: Failed to identify x- and y- axes in the axis list (nx_segment_001, ny_segment_001, time) of a variable being read from ./INPUT/forcing_access_yr2_8km_fill.nc


WARNING from PE  2562: categorize_axes: Failed to identify x- and y- axes in the axis list (nx_segment_001, ny_segment_001, time) of a variable being read from ./INPUT/forcing_access_yr2_8km_fill.nc


WARNING from PE  2572: categorize_axes: Failed to identify x- and y- axes in the axis list (nx_segment_001, ny_segment_001, time) of a variable being read from ./INPUT/forcing_access_yr2_8km_fill.nc


WARNING from PE  2579: categorize_axes: Failed to identify x- and y- axes in the axis list (nx_segment_001, ny_segment_001, time) of a variable being read from ./INPUT/forcing_access_yr2_8km_fill.nc


WARNING from PE  2563: categorize_axes: Failed to identify x- and y- axes in the axis list (nx_segment_001, ny_segment_001, time) of a variable being read from ./INPUT/forcing_access_yr2_8km_fill.nc


WARNING from PE  2552: categorize_axes: Failed to identify x- and y- axes in the axis list (nx_segment_001, ny_segment_001, time) of a variable being read from ./INPUT/forcing_access_yr2_8km_fill.nc


WARNING from PE  2577: categorize_axes: Failed to identify x- and y- axes in the axis list (nx_segment_001, ny_segment_001, time) of a variable being read from ./INPUT/forcing_access_yr2_8km_fill.nc


WARNING from PE  2586: categorize_axes: Failed to identify x- and y- axes in the axis list (nx_segment_001, ny_segment_001, time) of a variable being read from ./INPUT/forcing_access_yr2_8km_fill.nc


WARNING from PE  2578: categorize_axes: Failed to identify x- and y- axes in the axis list (nx_segment_001, ny_segment_001, time) of a variable being read from ./INPUT/forcing_access_yr2_8km_fill.nc


WARNING from PE  2582: categorize_axes: Failed to identify x- and y- axes in the axis list (nx_segment_001, ny_segment_001, time) of a variable being read from ./INPUT/forcing_access_yr2_8km_fill.nc


WARNING from PE  2580: categorize_axes: Failed to identify x- and y- axes in the axis list (nx_segment_001, ny_segment_001, time) of a variable being read from ./INPUT/forcing_access_yr2_8km_fill.nc


WARNING from PE  2545: categorize_axes: Failed to identify x- and y- axes in the axis list (nx_segment_001, ny_segment_001, time) of a variable being read from ./INPUT/forcing_access_yr2_8km_fill.nc


WARNING from PE  2561: categorize_axes: Failed to identify x- and y- axes in the axis list (nx_segment_001, ny_segment_001, time) of a variable being read from ./INPUT/forcing_access_yr2_8km_fill.nc


WARNING from PE  2590: categorize_axes: Failed to identify x- and y- axes in the axis list (nx_segment_001, ny_segment_001, time) of a variable being read from ./INPUT/forcing_access_yr2_8km_fill.nc


WARNING from PE  2570: categorize_axes: Failed to identify x- and y- axes in the axis list (nx_segment_001, ny_segment_001, time) of a variable being read from ./INPUT/forcing_access_yr2_8km_fill.nc


WARNING from PE  2591: categorize_axes: Failed to identify x- and y- axes in the axis list (nx_segment_001, ny_segment_001, time) of a variable being read from ./INPUT/forcing_access_yr2_8km_fill.nc


WARNING from PE  2596: categorize_axes: Failed to identify x- and y- axes in the axis list (nx_segment_001, ny_segment_001, time) of a variable being read from ./INPUT/forcing_access_yr2_8km_fill.nc


WARNING from PE  2592: categorize_axes: Failed to identify x- and y- axes in the axis list (nx_segment_001, ny_segment_001, time) of a variable being read from ./INPUT/forcing_access_yr2_8km_fill.nc


WARNING from PE  2554: categorize_axes: Failed to identify x- and y- axes in the axis list (nx_segment_001, ny_segment_001, time) of a variable being read from ./INPUT/forcing_access_yr2_8km_fill.nc


WARNING from PE  2556: categorize_axes: Failed to identify x- and y- axes in the axis list (nx_segment_001, ny_segment_001, time) of a variable being read from ./INPUT/forcing_access_yr2_8km_fill.nc


WARNING from PE  2560: categorize_axes: Failed to identify x- and y- axes in the axis list (nx_segment_001, ny_segment_001, time) of a variable being read from ./INPUT/forcing_access_yr2_8km_fill.nc


WARNING from PE  2587: categorize_axes: Failed to identify x- and y- axes in the axis list (nx_segment_001, ny_segment_001, time) of a variable being read from ./INPUT/forcing_access_yr2_8km_fill.nc


WARNING from PE  2576: categorize_axes: Failed to identify x- and y- axes in the axis list (nx_segment_001, ny_segment_001, time) of a variable being read from ./INPUT/forcing_access_yr2_8km_fill.nc


WARNING from PE  2594: categorize_axes: Failed to identify x- and y- axes in the axis list (nx_segment_001, ny_segment_001, time) of a variable being read from ./INPUT/forcing_access_yr2_8km_fill.nc


WARNING from PE  2558: categorize_axes: Failed to identify x- and y- axes in the axis list (nx_segment_001, ny_segment_001, time) of a variable being read from ./INPUT/forcing_access_yr2_8km_fill.nc


WARNING from PE  2597: categorize_axes: Failed to identify x- and y- axes in the axis list (nx_segment_001, ny_segment_001, time) of a variable being read from ./INPUT/forcing_access_yr2_8km_fill.nc


WARNING from PE  2571: categorize_axes: Failed to identify x- and y- axes in the axis list (nx_segment_001, ny_segment_001, time) of a variable being read from ./INPUT/forcing_access_yr2_8km_fill.nc


WARNING from PE  2583: categorize_axes: Failed to identify x- and y- axes in the axis list (nx_segment_001, ny_segment_001, time) of a variable being read from ./INPUT/forcing_access_yr2_8km_fill.nc


WARNING from PE  2595: categorize_axes: Failed to identify x- and y- axes in the axis list (nx_segment_001, ny_segment_001, time) of a variable being read from ./INPUT/forcing_access_yr2_8km_fill.nc


WARNING from PE  2553: categorize_axes: Failed to identify x- and y- axes in the axis list (nx_segment_001, ny_segment_001, time) of a variable being read from ./INPUT/forcing_access_yr2_8km_fill.nc


WARNING from PE  2575: categorize_axes: Failed to identify x- and y- axes in the axis list (nx_segment_001, ny_segment_001, time) of a variable being read from ./INPUT/forcing_access_yr2_8km_fill.nc


WARNING from PE  2549: categorize_axes: Failed to identify x- and y- axes in the axis list (nx_segment_001, ny_segment_001, time) of a variable being read from ./INPUT/forcing_access_yr2_8km_fill.nc


WARNING from PE  2568: categorize_axes: Failed to identify x- and y- axes in the axis list (nx_segment_001, ny_segment_001, time) of a variable being read from ./INPUT/forcing_access_yr2_8km_fill.nc


WARNING from PE  2593: categorize_axes: Failed to identify x- and y- axes in the axis list (nx_segment_001, ny_segment_001, time) of a variable being read from ./INPUT/forcing_access_yr2_8km_fill.nc


WARNING from PE  2599: categorize_axes: Failed to identify x- and y- axes in the axis list (nx_segment_001, ny_segment_001, time) of a variable being read from ./INPUT/forcing_access_yr2_8km_fill.nc


WARNING from PE  2588: categorize_axes: Failed to identify x- and y- axes in the axis list (nx_segment_001, ny_segment_001, time) of a variable being read from ./INPUT/forcing_access_yr2_8km_fill.nc


WARNING from PE  2574: categorize_axes: Failed to identify x- and y- axes in the axis list (nx_segment_001, ny_segment_001, time) of a variable being read from ./INPUT/forcing_access_yr2_8km_fill.nc


WARNING from PE  2573: categorize_axes: Failed to identify x- and y- axes in the axis list (nx_segment_001, ny_segment_001, time) of a variable being read from ./INPUT/forcing_access_yr2_8km_fill.nc


WARNING from PE  2550: categorize_axes: Failed to identify x- and y- axes in the axis list (nx_segment_001, ny_segment_001, time) of a variable being read from ./INPUT/forcing_access_yr2_8km_fill.nc


WARNING from PE  2555: categorize_axes: Failed to identify x- and y- axes in the axis list (nx_segment_001, ny_segment_001, time) of a variable being read from ./INPUT/forcing_access_yr2_8km_fill.nc


WARNING from PE  2557: categorize_axes: Failed to identify x- and y- axes in the axis list (nx_segment_001, ny_segment_001, time) of a variable being read from ./INPUT/forcing_access_yr2_8km_fill.nc


WARNING from PE  2559: categorize_axes: Failed to identify x- and y- axes in the axis list (nx_segment_001, ny_segment_001, time) of a variable being read from ./INPUT/forcing_access_yr2_8km_fill.nc


WARNING from PE  2566: categorize_axes: Failed to identify x- and y- axes in the axis list (nx_segment_001, ny_segment_001, time) of a variable being read from ./INPUT/forcing_access_yr2_8km_fill.nc


WARNING from PE  2569: categorize_axes: Failed to identify x- and y- axes in the axis list (nx_segment_001, ny_segment_001, time) of a variable being read from ./INPUT/forcing_access_yr2_8km_fill.nc


WARNING from PE  2581: categorize_axes: Failed to identify x- and y- axes in the axis list (nx_segment_001, ny_segment_001, time) of a variable being read from ./INPUT/forcing_access_yr2_8km_fill.nc


WARNING from PE  2585: categorize_axes: Failed to identify x- and y- axes in the axis list (nx_segment_001, ny_segment_001, time) of a variable being read from ./INPUT/forcing_access_yr2_8km_fill.nc


WARNING from PE  2589: categorize_axes: Failed to identify x- and y- axes in the axis list (nx_segment_001, ny_segment_001, time) of a variable being read from ./INPUT/forcing_access_yr2_8km_fill.nc


WARNING from PE  2598: categorize_axes: Failed to identify x- and y- axes in the axis list (nx_segment_001, ny_segment_001, time) of a variable being read from ./INPUT/forcing_access_yr2_8km_fill.nc


WARNING from PE  2567: categorize_axes: Failed to identify x- and y- axes in the axis list (nx_segment_001, ny_segment_001, time) of a variable being read from ./INPUT/forcing_access_yr2_8km_fill.nc


WARNING from PE  2565: categorize_axes: Failed to identify x- and y- axes in the axis list (nx_segment_001, ny_segment_001, time) of a variable being read from ./INPUT/forcing_access_yr2_8km_fill.nc


WARNING from PE  2564: categorize_axes: Failed to identify x- and y- axes in the axis list (nx_segment_001, ny_segment_001, time) of a variable being read from ./INPUT/forcing_access_yr2_8km_fill.nc


WARNING from PE  2551: categorize_axes: Failed to identify x- and y- axes in the axis list (nx_segment_001, ny_segment_001, time) of a variable being read from ./INPUT/forcing_access_yr2_8km_fill.nc


WARNING from PE  2548: categorize_axes: Failed to identify x- and y- axes in the axis list (nx_segment_001, ny_segment_001, time) of a variable being read from ./INPUT/forcing_access_yr2_8km_fill.nc

 MOM_in domain decomposition
whalo =    4, ehalo =    4, shalo =    4, nhalo =    4
  X-AXIS =   52  52  52  52  52  52  52  52  52  52  52  52  52  52  52  52  52  52  51  51  51  51  51  51
             51  51  51  51  51  51  51  51  51  51  51  51  51  51  51  51  51  51  51  51  51  51  51  51
             51  51  51  51  51  51  51  51  51  51  51  51  51  51  51  51  51  51  52  52  52  52  52  52
             52  52  52  52  52  52  52  52  52  52  52  52
  Y-AXIS =   30  30  30  30  30  30  30  30  30  30  30  29  29  29  29  29  29  29  29  29  29  29  29  29
             28  29  29  29  29  29  29  29  29  29  29  29  29  29  30  30  30  30  30  30  30  30  30  30
             30
 MOM_in domain decomposition
whalo =    2, ehalo =    2, shalo =    2, nhalo =    2
  X-AXIS =   26  26  26  26  26  26  26  26  26  26  26  26  26  26  26  26  26  26  26  26  26  26  26  26
             26  26  26  26  26  26  25  25  25  25  25  25  25  25  25  25  25  25  25  25  25  25  25  25
             25  25  25  25  25  25  26  26  26  26  26  26  26  26  26  26  26  26  26  26  26  26  26  26
             26  26  26  26  26  26  26  26  26  26  26  26
  Y-AXIS =   15  15  15  15  15  15  15  15  15  15  15  15  15  15  15  15  15  15  14  14  14  14  14  14
             13  14  14  14  14  14  14  15  15  15  15  15  15  15  15  15  15  15  15  15  15  15  15  15
             15

WARNING from PE     0: read_field_2d:time level specified, but the variable mask does not have an unlimited dimension in ./INPUT/salt_restore_mask.nc

NOTE from PE     0: MOM_domains_init: reading maskmap information from ./INPUT/mask_table.1490.84x49
 parse_mask_table: Number of domain regions masked in MOM_Ice_Shelf_in = 
        1490
 MOM_Ice_Shelf_in domain decomposition
whalo =    4, ehalo =    4, shalo =    4, nhalo =    4
  X-AXIS =   52  52  52  52  52  52  52  52  52  52  52  52  52  52  52  52  52  52  51  51  51  51  51  51
             51  51  51  51  51  51  51  51  51  51  51  51  51  51  51  51  51  51  51  51  51  51  51  51
             51  51  51  51  51  51  51  51  51  51  51  51  51  51  51  51  51  51  52  52  52  52  52  52
             52  52  52  52  52  52  52  52  52  52  52  52
  Y-AXIS =   30  30  30  30  30  30  30  30  30  30  30  29  29  29  29  29  29  29  29  29  29  29  29  29
             28  29  29  29  29  29  29  29  29  29  29  29  29  29  30  30  30  30  30  30  30  30  30  30
             30
 MOM_Ice_Shelf_inc domain decomposition
whalo =    2, ehalo =    2, shalo =    2, nhalo =    2
  X-AXIS =   26  26  26  26  26  26  26  26  26  26  26  26  26  26  26  26  26  26  26  26  26  26  26  26
             26  26  26  26  26  26  25  25  25  25  25  25  25  25  25  25  25  25  25  25  25  25  25  25
             25  25  25  25  25  25  26  26  26  26  26  26  26  26  26  26  26  26  26  26  26  26  26  26
             26  26  26  26  26  26  26  26  26  26  26  26
  Y-AXIS =   15  15  15  15  15  15  15  15  15  15  15  15  15  15  15  15  15  15  14  14  14  14  14  14
             13  14  14  14  14  14  14  15  15  15  15  15  15  15  15  15  15  15  15  15  15  15  15  15
             15
 MOM_Ice_Shelf_in domain decomposition
whalo =    4, ehalo =    4, shalo =    4, nhalo =    4
  X-AXIS =   52  52  52  52  52  52  52  52  52  52  52  52  52  52  52  52  52  52  51  51  51  51  51  51
             51  51  51  51  51  51  51  51  51  51  51  51  51  51  51  51  51  51  51  51  51  51  51  51
             51  51  51  51  51  51  51  51  51  51  51  51  51  51  51  51  51  51  52  52  52  52  52  52
             52  52  52  52  52  52  52  52  52  52  52  52
  Y-AXIS =   30  30  30  30  30  30  30  30  30  30  30  29  29  29  29  29  29  29  29  29  29  29  29  29
             28  29  29  29  29  29  29  29  29  29  29  29  29  29  30  30  30  30  30  30  30  30  30  30
             30
 MOM_Ice_Shelf_in domain decomposition
whalo =    2, ehalo =    2, shalo =    2, nhalo =    2
  X-AXIS =   26  26  26  26  26  26  26  26  26  26  26  26  26  26  26  26  26  26  26  26  26  26  26  26
             26  26  26  26  26  26  25  25  25  25  25  25  25  25  25  25  25  25  25  25  25  25  25  25
             25  25  25  25  25  25  26  26  26  26  26  26  26  26  26  26  26  26  26  26  26  26  26  26
             26  26  26  26  26  26  26  26  26  26  26  26
  Y-AXIS =   15  15  15  15  15  15  15  15  15  15  15  15  15  15  15  15  15  15  14  14  14  14  14  14
             13  14  14  14  14  14  14  15  15  15  15  15  15  15  15  15  15  15  15  15  15  15  15  15
             15
 MOM_MOSAIC domain decomposition
whalo =    9, ehalo =    9, shalo =    9, nhalo =    9
  X-AXIS =  104 104 104 104 104 104 104 104 104 104 104 104 104 104 104 104 104 104 102 102 102 102 102 102
            102 102 102 102 102 102 102 102 102 102 102 102 102 102 102 102 102 102 102 102 102 102 102 102
            102 102 102 102 102 102 102 102 102 102 102 102 102 102 102 102 102 102 104 104 104 104 104 104
            104 104 104 104 104 104 104 104 104 104 104 104
  Y-AXIS =   60  60  60  60  60  60  60  60  60  60  60  58  58  58  58  58  58  58  58  58  58  58  58  58
             56  58  58  58  58  58  58  58  58  58  58  58  58  58  60  60  60  60  60  60  60  60  60  60
             60
 MOM_MOSAIC domain decomposition
whalo =    4, ehalo =    4, shalo =    4, nhalo =    4
  X-AXIS =   52  52  52  52  52  52  52  52  52  52  52  52  52  52  52  52  52  52  51  51  51  51  51  51
             51  51  51  51  51  51  51  51  51  51  51  51  51  51  51  51  51  51  51  51  51  51  51  51
             51  51  51  51  51  51  51  51  51  51  51  51  51  51  51  51  51  51  52  52  52  52  52  52
             52  52  52  52  52  52  52  52  52  52  52  52
  Y-AXIS =   30  30  30  30  30  30  30  30  30  30  30  29  29  29  29  29  29  29  29  29  29  29  29  29
             28  29  29  29  29  29  29  29  29  29  29  29  29  29  30  30  30  30  30  30  30  30  30  30
             30

WARNING from PE     0: Previous msg:KV_MOLECULAR = 1.5E-06          !   [m2 s-1] default = 1.5E-06


WARNING from PE     0: New message :KV_MOLECULAR = 1.95E-06         !   [m2 s-1] default = 1.95E-06


WARNING from PE     0: Encountered inconsistent documentation line for parameter KV_MOLECULAR!

NOTE from PE     0: MOM_ice_shelf.F90, initialize_ice_shelf: Restoring ice shelf from file.
NOTE from PE     0: MOM_restart: MOM run restarted using decomposed fileset: ./Shelf.res.nc
NOTE from PE     0: MOM_ice_shelf.F90, initialize_ice_shelf: allocating fluxes.
NOTE from PE     0: MOM_ice_shelf.F90, initialize_ice_shelf: allocating forces.
 MOM_in domain decomposition
whalo =    0, ehalo =    0, shalo =    0, nhalo =    0
  X-AXIS =   52  52  52  52  52  52  52  52  52  52  52  52  52  52  52  52  52  52  51  51  51  51  51  51
             51  51  51  51  51  51  51  51  51  51  51  51  51  51  51  51  51  51  51  51  51  51  51  51
             51  51  51  51  51  51  51  51  51  51  51  51  51  51  51  51  51  51  52  52  52  52  52  52
             52  52  52  52  52  52  52  52  52  52  52  52
  Y-AXIS =   30  30  30  30  30  30  30  30  30  30  30  29  29  29  29  29  29  29  29  29  29  29  29  29
             28  29  29  29  29  29  29  29  29  29  29  29  29  29  30  30  30  30  30  30  30  30  30  30
             30

WARNING from PE     0: Unused line in MOM_input : ICE_PROFILE_CONFIG = "FILE"


WARNING from PE     0: Unused line in MOM_input : ICE_THICKNESS_FILE = "ice_thickness_Charrassin_regridded_cropped_add_area_where_iceelev_noGL5m_ADDHMASKFILLTHICK_150925.nc"


WARNING from PE     0: Unused line in MOM_input : ICE_THICKNESS_VARNAME = "thick"


WARNING from PE     0: Unused line in MOM_input : ICE_AREA_VARNAME = "area"

NOTE from PE     0: data_override_init: You are using the legacy version of the data table.
NOTE from PE     0: data_override_mod: File data_table does not exist.
NOTE from PE     0: data_table is empty, not doing any data_overrides
NOTE from PE     0: data_override_init: You are using the legacy version of the data table.
NOTE from PE     0: data_override_mod: File data_table does not exist.
NOTE from PE     0: data_table is empty, not doing any data_overrides

WARNING from PE     0: ERROR: ESMF mesh and MOM6 domain masks are inconsistent! - MOM n, maskMesh(n), mask(n) =     1071         0         1


WARNING from PE     0: ERROR: ESMF mesh and MOM6 domain masks are inconsistent! - MOM n, maskMesh(n), mask(n) =     1112         0         1


WARNING from PE     0: ERROR: ESMF mesh and MOM6 domain masks are inconsistent! - MOM n, maskMesh(n), mask(n) =     1118         0         1


WARNING from PE     0: ERROR: ESMF mesh and MOM6 domain masks are inconsistent! - MOM n, maskMesh(n), mask(n) =     1119         0         1


WARNING from PE     0: ERROR: ESMF mesh and MOM6 domain masks are inconsistent! - MOM n, maskMesh(n), mask(n) =     1120         0         1


WARNING from PE     0: ERROR: ESMF mesh and MOM6 domain masks are inconsistent! - MOM n, maskMesh(n), mask(n) =     1122         0         1


WARNING from PE     0: ERROR: ESMF mesh and MOM6 domain masks are inconsistent! - MOM n, maskMesh(n), mask(n) =     1159         0         1


WARNING from PE     0: ERROR: ESMF mesh and MOM6 domain masks are inconsistent! - MOM n, maskMesh(n), mask(n) =     1160         0         1


WARNING from PE     0: ERROR: ESMF mesh and MOM6 domain masks are inconsistent! - MOM n, maskMesh(n), mask(n) =     1161         0         1


WARNING from PE     0: ERROR: ESMF mesh and MOM6 domain masks are inconsistent! - MOM n, maskMesh(n), mask(n) =     1162         0         1


WARNING from PE     0: ERROR: ESMF mesh and MOM6 domain masks are inconsistent! - MOM n, maskMesh(n), mask(n) =     1163         0         1


WARNING from PE     0: ERROR: ESMF mesh and MOM6 domain masks are inconsistent! - MOM n, maskMesh(n), mask(n) =     1164         0         1


WARNING from PE     0: ERROR: ESMF mesh and MOM6 domain masks are inconsistent! - MOM n, maskMesh(n), mask(n) =     1165         0         1


WARNING from PE     0: ERROR: ESMF mesh and MOM6 domain masks are inconsistent! - MOM n, maskMesh(n), mask(n) =     1166         0         1


WARNING from PE     0: ERROR: ESMF mesh and MOM6 domain masks are inconsistent! - MOM n, maskMesh(n), mask(n) =     1167         0         1


WARNING from PE     0: ERROR: ESMF mesh and MOM6 domain masks are inconsistent! - MOM n, maskMesh(n), mask(n) =     1168         0         1


WARNING from PE     0: ERROR: ESMF mesh and MOM6 domain masks are inconsistent! - MOM n, maskMesh(n), mask(n) =     1169         0         1


WARNING from PE     0: ERROR: ESMF mesh and MOM6 domain masks are inconsistent! - MOM n, maskMesh(n), mask(n) =     1170         0         1


WARNING from PE     0: ERROR: ESMF mesh and MOM6 domain masks are inconsistent! - MOM n, maskMesh(n), mask(n) =     1171         0         1


WARNING from PE     0: ERROR: ESMF mesh and MOM6 domain masks are inconsistent! - MOM n, maskMesh(n), mask(n) =     1172         0         1


WARNING from PE     0: ERROR: ESMF mesh and MOM6 domain masks are inconsistent! - MOM n, maskMesh(n), mask(n) =     1173         0         1


WARNING from PE     0: ERROR: ESMF mesh and MOM6 domain masks are inconsistent! - MOM n, maskMesh(n), mask(n) =     1208         0         1


WARNING from PE     0: ERROR: ESMF mesh and MOM6 domain masks are inconsistent! - MOM n, maskMesh(n), mask(n) =     1211         0         1


WARNING from PE     0: ERROR: ESMF mesh and MOM6 domain masks are inconsistent! - MOM n, maskMesh(n), mask(n) =     1212         0         1


WARNING from PE     0: ERROR: ESMF mesh and MOM6 domain masks are inconsistent! - MOM n, maskMesh(n), mask(n) =     1213         0         1


WARNING from PE     0: ERROR: ESMF mesh and MOM6 domain masks are inconsistent! - MOM n, maskMesh(n), mask(n) =     1214         0         1


WARNING from PE     0: ERROR: ESMF mesh and MOM6 domain masks are inconsistent! - MOM n, maskMesh(n), mask(n) =     1215         0         1


WARNING from PE     0: ERROR: ESMF mesh and MOM6 domain masks are inconsistent! - MOM n, maskMesh(n), mask(n) =     1216         0         1


WARNING from PE     0: ERROR: ESMF mesh and MOM6 domain masks are inconsistent! - MOM n, maskMesh(n), mask(n) =     1217         0         1


WARNING from PE     0: ERROR: ESMF mesh and MOM6 domain masks are inconsistent! - MOM n, maskMesh(n), mask(n) =     1218         0         1


WARNING from PE     0: ERROR: ESMF mesh and MOM6 domain masks are inconsistent! - MOM n, maskMesh(n), mask(n) =     1219         0         1


WARNING from PE     0: ERROR: ESMF mesh and MOM6 domain masks are inconsistent! - MOM n, maskMesh(n), mask(n) =     1220         0         1


WARNING from PE     0: ERROR: ESMF mesh and MOM6 domain masks are inconsistent! - MOM n, maskMesh(n), mask(n) =     1221         0         1


WARNING from PE     0: ERROR: ESMF mesh and MOM6 domain masks are inconsistent! - MOM n, maskMesh(n), mask(n) =     1222         0         1


WARNING from PE     0: ERROR: ESMF mesh and MOM6 domain masks are inconsistent! - MOM n, maskMesh(n), mask(n) =     1223         0         1


WARNING from PE     0: ERROR: ESMF mesh and MOM6 domain masks are inconsistent! - MOM n, maskMesh(n), mask(n) =     1224         0         1


WARNING from PE     0: ERROR: ESMF mesh and MOM6 domain masks are inconsistent! - MOM n, maskMesh(n), mask(n) =     1258         0         1


WARNING from PE     0: ERROR: ESMF mesh and MOM6 domain masks are inconsistent! - MOM n, maskMesh(n), mask(n) =     1259         0         1


WARNING from PE     0: ERROR: ESMF mesh and MOM6 domain masks are inconsistent! - MOM n, maskMesh(n), mask(n) =     1260         0         1


WARNING from PE     0: ERROR: ESMF mesh and MOM6 domain masks are inconsistent! - MOM n, maskMesh(n), mask(n) =     1261         0         1


WARNING from PE     0: ERROR: ESMF mesh and MOM6 domain masks are inconsistent! - MOM n, maskMesh(n), mask(n) =     1262         0         1


WARNING from PE     0: ERROR: ESMF mesh and MOM6 domain masks are inconsistent! - MOM n, maskMesh(n), mask(n) =     1263         0         1


WARNING from PE     0: ERROR: ESMF mesh and MOM6 domain masks are inconsistent! - MOM n, maskMesh(n), mask(n) =     1264         0         1


WARNING from PE     0: ERROR: ESMF mesh and MOM6 domain masks are inconsistent! - MOM n, maskMesh(n), mask(n) =     1265         0         1


WARNING from PE     0: ERROR: ESMF mesh and MOM6 domain masks are inconsistent! - MOM n, maskMesh(n), mask(n) =     1266         0         1


WARNING from PE     0: ERROR: ESMF mesh and MOM6 domain masks are inconsistent! - MOM n, maskMesh(n), mask(n) =     1267         0         1


WARNING from PE     0: ERROR: ESMF mesh and MOM6 domain masks are inconsistent! - MOM n, maskMesh(n), mask(n) =     1268         0         1


WARNING from PE     0: ERROR: ESMF mesh and MOM6 domain masks are inconsistent! - MOM n, maskMesh(n), mask(n) =     1269         0         1


WARNING from PE     0: ERROR: ESMF mesh and MOM6 domain masks are inconsistent! - MOM n, maskMesh(n), mask(n) =     1270         0         1


WARNING from PE     0: ERROR: ESMF mesh and MOM6 domain masks are inconsistent! - MOM n, maskMesh(n), mask(n) =     1271         0         1


WARNING from PE     0: ERROR: ESMF mesh and MOM6 domain masks are inconsistent! - MOM n, maskMesh(n), mask(n) =     1272         0         1


WARNING from PE     0: ERROR: ESMF mesh and MOM6 domain masks are inconsistent! - MOM n, maskMesh(n), mask(n) =     1273         0         1


WARNING from PE     0: ERROR: ESMF mesh and MOM6 domain masks are inconsistent! - MOM n, maskMesh(n), mask(n) =     1274         0         1


WARNING from PE     0: ERROR: ESMF mesh and MOM6 domain masks are inconsistent! - MOM n, maskMesh(n), mask(n) =     1275         0         1


WARNING from PE     0: ERROR: ESMF mesh and MOM6 domain masks are inconsistent! - MOM n, maskMesh(n), mask(n) =     1306         0         1


WARNING from PE     0: ERROR: ESMF mesh and MOM6 domain masks are inconsistent! - MOM n, maskMesh(n), mask(n) =     1307         0         1


WARNING from PE     0: ERROR: ESMF mesh and MOM6 domain masks are inconsistent! - MOM n, maskMesh(n), mask(n) =     1308         0         1


WARNING from PE     0: ERROR: ESMF mesh and MOM6 domain masks are inconsistent! - MOM n, maskMesh(n), mask(n) =     1309         0         1


WARNING from PE     0: ERROR: ESMF mesh and MOM6 domain masks are inconsistent! - MOM n, maskMesh(n), mask(n) =     1310         0         1


WARNING from PE     0: ERROR: ESMF mesh and MOM6 domain masks are inconsistent! - MOM n, maskMesh(n), mask(n) =     1311         0         1


WARNING from PE     0: ERROR: ESMF mesh and MOM6 domain masks are inconsistent! - MOM n, maskMesh(n), mask(n) =     1312         0         1


WARNING from PE     0: ERROR: ESMF mesh and MOM6 domain masks are inconsistent! - MOM n, maskMesh(n), mask(n) =     1313         0         1


WARNING from PE     0: ERROR: ESMF mesh and MOM6 domain masks are inconsistent! - MOM n, maskMesh(n), mask(n) =     1314         0         1


WARNING from PE     0: ERROR: ESMF mesh and MOM6 domain masks are inconsistent! - MOM n, maskMesh(n), mask(n) =     1315         0         1


WARNING from PE     0: ERROR: ESMF mesh and MOM6 domain masks are inconsistent! - MOM n, maskMesh(n), mask(n) =     1316         0         1


WARNING from PE     0: ERROR: ESMF mesh and MOM6 domain masks are inconsistent! - MOM n, maskMesh(n), mask(n) =     1317         0         1


WARNING from PE     0: ERROR: ESMF mesh and MOM6 domain masks are inconsistent! - MOM n, maskMesh(n), mask(n) =     1318         0         1


WARNING from PE     0: ERROR: ESMF mesh and MOM6 domain masks are inconsistent! - MOM n, maskMesh(n), mask(n) =     1319         0         1


WARNING from PE     0: ERROR: ESMF mesh and MOM6 domain masks are inconsistent! - MOM n, maskMesh(n), mask(n) =     1320         0         1


WARNING from PE     0: ERROR: ESMF mesh and MOM6 domain masks are inconsistent! - MOM n, maskMesh(n), mask(n) =     1321         0         1


WARNING from PE     0: ERROR: ESMF mesh and MOM6 domain masks are inconsistent! - MOM n, maskMesh(n), mask(n) =     1322         0         1


WARNING from PE     0: ERROR: ESMF mesh and MOM6 domain masks are inconsistent! - MOM n, maskMesh(n), mask(n) =     1323         0         1


WARNING from PE     0: ERROR: ESMF mesh and MOM6 domain masks are inconsistent! - MOM n, maskMesh(n), mask(n) =     1324         0         1


WARNING from PE     0: ERROR: ESMF mesh and MOM6 domain masks are inconsistent! - MOM n, maskMesh(n), mask(n) =     1325         0         1


WARNING from PE     0: ERROR: ESMF mesh and MOM6 domain masks are inconsistent! - MOM n, maskMesh(n), mask(n) =     1326         0         1


WARNING from PE     0: ERROR: ESMF mesh and MOM6 domain masks are inconsistent! - MOM n, maskMesh(n), mask(n) =     1354         0         1


WARNING from PE     0: ERROR: ESMF mesh and MOM6 domain masks are inconsistent! - MOM n, maskMesh(n), mask(n) =     1356         0         1


WARNING from PE     0: ERROR: ESMF mesh and MOM6 domain masks are inconsistent! - MOM n, maskMesh(n), mask(n) =     1357         0         1


WARNING from PE     0: ERROR: ESMF mesh and MOM6 domain masks are inconsistent! - MOM n, maskMesh(n), mask(n) =     1358         0         1


WARNING from PE     0: ERROR: ESMF mesh and MOM6 domain masks are inconsistent! - MOM n, maskMesh(n), mask(n) =     1359         0         1


WARNING from PE     0: ERROR: ESMF mesh and MOM6 domain masks are inconsistent! - MOM n, maskMesh(n), mask(n) =     1360         0         1


WARNING from PE     0: ERROR: ESMF mesh and MOM6 domain masks are inconsistent! - MOM n, maskMesh(n), mask(n) =     1361         0         1


WARNING from PE     0: ERROR: ESMF mesh and MOM6 domain masks are inconsistent! - MOM n, maskMesh(n), mask(n) =     1362         0         1


WARNING from PE     0: ERROR: ESMF mesh and MOM6 domain masks are inconsistent! - MOM n, maskMesh(n), mask(n) =     1363         0         1


WARNING from PE     0: ERROR: ESMF mesh and MOM6 domain masks are inconsistent! - MOM n, maskMesh(n), mask(n) =     1364         0         1


WARNING from PE     0: ERROR: ESMF mesh and MOM6 domain masks are inconsistent! - MOM n, maskMesh(n), mask(n) =     1365         0         1


WARNING from PE     0: ERROR: ESMF mesh and MOM6 domain masks are inconsistent! - MOM n, maskMesh(n), mask(n) =     1366         0         1


WARNING from PE     0: ERROR: ESMF mesh and MOM6 domain masks are inconsistent! - MOM n, maskMesh(n), mask(n) =     1367         0         1


WARNING from PE     0: ERROR: ESMF mesh and MOM6 domain masks are inconsistent! - MOM n, maskMesh(n), mask(n) =     1368         0         1


WARNING from PE     0: ERROR: ESMF mesh and MOM6 domain masks are inconsistent! - MOM n, maskMesh(n), mask(n) =     1369         0         1


WARNING from PE     0: ERROR: ESMF mesh and MOM6 domain masks are inconsistent! - MOM n, maskMesh(n), mask(n) =     1370         0         1


WARNING from PE     0: ERROR: ESMF mesh and MOM6 domain masks are inconsistent! - MOM n, maskMesh(n), mask(n) =     1371         0         1


WARNING from PE     0: ERROR: ESMF mesh and MOM6 domain masks are inconsistent! - MOM n, maskMesh(n), mask(n) =     1372         0         1


WARNING from PE     0: ERROR: ESMF mesh and MOM6 domain masks are inconsistent! - MOM n, maskMesh(n), mask(n) =     1373         0         1


WARNING from PE     0: ERROR: ESMF mesh and MOM6 domain masks are inconsistent! - MOM n, maskMesh(n), mask(n) =     1374         0         1


WARNING from PE     0: ERROR: ESMF mesh and MOM6 domain masks are inconsistent! - MOM n, maskMesh(n), mask(n) =     1375         0         1


WARNING from PE     0: ERROR: ESMF mesh and MOM6 domain masks are inconsistent! - MOM n, maskMesh(n), mask(n) =     1376         0         1


WARNING from PE     0: ERROR: ESMF mesh and MOM6 domain masks are inconsistent! - MOM n, maskMesh(n), mask(n) =     1377         0         1


WARNING from PE     0: ERROR: ESMF mesh and MOM6 domain masks are inconsistent! - MOM n, maskMesh(n), mask(n) =     1403         0         1


WARNING from PE     0: ERROR: ESMF mesh and MOM6 domain masks are inconsistent! - MOM n, maskMesh(n), mask(n) =     1404         0         1


WARNING from PE     0: ERROR: ESMF mesh and MOM6 domain masks are inconsistent! - MOM n, maskMesh(n), mask(n) =     1405         0         1


WARNING from PE     0: ERROR: ESMF mesh and MOM6 domain masks are inconsistent! - MOM n, maskMesh(n), mask(n) =     1406         0         1


WARNING from PE     0: ERROR: ESMF mesh and MOM6 domain masks are inconsistent! - MOM n, maskMesh(n), mask(n) =     1407         0         1


WARNING from PE     0: ERROR: ESMF mesh and MOM6 domain masks are inconsistent! - MOM n, maskMesh(n), mask(n) =     1408         0         1


WARNING from PE     0: ERROR: ESMF mesh and MOM6 domain masks are inconsistent! - MOM n, maskMesh(n), mask(n) =     1409         0         1


WARNING from PE     0: ERROR: ESMF mesh and MOM6 domain masks are inconsistent! - MOM n, maskMesh(n), mask(n) =     1410         0         1


WARNING from PE     0: ERROR: ESMF mesh and MOM6 domain masks are inconsistent! - MOM n, maskMesh(n), mask(n) =     1411         0         1


WARNING from PE     0: ERROR: ESMF mesh and MOM6 domain masks are inconsistent! - MOM n, maskMesh(n), mask(n) =     1412         0         1


WARNING from PE     0: ERROR: ESMF mesh and MOM6 domain masks are inconsistent! - MOM n, maskMesh(n), mask(n) =     1413         0         1


WARNING from PE     0: ERROR: ESMF mesh and MOM6 domain masks are inconsistent! - MOM n, maskMesh(n), mask(n) =     1414         0         1


WARNING from PE     0: ERROR: ESMF mesh and MOM6 domain masks are inconsistent! - MOM n, maskMesh(n), mask(n) =     1415         0         1


WARNING from PE     0: ERROR: ESMF mesh and MOM6 domain masks are inconsistent! - MOM n, maskMesh(n), mask(n) =     1416         0         1


WARNING from PE     0: ERROR: ESMF mesh and MOM6 domain masks are inconsistent! - MOM n, maskMesh(n), mask(n) =     1417         0         1


WARNING from PE     0: ERROR: ESMF mesh and MOM6 domain masks are inconsistent! - MOM n, maskMesh(n), mask(n) =     1418         0         1


WARNING from PE     0: ERROR: ESMF mesh and MOM6 domain masks are inconsistent! - MOM n, maskMesh(n), mask(n) =     1419         0         1


WARNING from PE     0: ERROR: ESMF mesh and MOM6 domain masks are inconsistent! - MOM n, maskMesh(n), mask(n) =     1420         0         1


WARNING from PE     0: ERROR: ESMF mesh and MOM6 domain masks are inconsistent! - MOM n, maskMesh(n), mask(n) =     1421         0         1


WARNING from PE     0: ERROR: ESMF mesh and MOM6 domain masks are inconsistent! - MOM n, maskMesh(n), mask(n) =     1422         0         1


WARNING from PE     0: ERROR: ESMF mesh and MOM6 domain masks are inconsistent! - MOM n, maskMesh(n), mask(n) =     1423         0         1


WARNING from PE     0: ERROR: ESMF mesh and MOM6 domain masks are inconsistent! - MOM n, maskMesh(n), mask(n) =     1424         0         1


WARNING from PE     0: ERROR: ESMF mesh and MOM6 domain masks are inconsistent! - MOM n, maskMesh(n), mask(n) =     1425         0         1


WARNING from PE     0: ERROR: ESMF mesh and MOM6 domain masks are inconsistent! - MOM n, maskMesh(n), mask(n) =     1426         0         1


WARNING from PE     0: ERROR: ESMF mesh and MOM6 domain masks are inconsistent! - MOM n, maskMesh(n), mask(n) =     1427         0         1


WARNING from PE     0: ERROR: ESMF mesh and MOM6 domain masks are inconsistent! - MOM n, maskMesh(n), mask(n) =     1428         0         1


WARNING from PE     0: ERROR: ESMF mesh and MOM6 domain masks are inconsistent! - MOM n, maskMesh(n), mask(n) =     1454         0         1


WARNING from PE     0: ERROR: ESMF mesh and MOM6 domain masks are inconsistent! - MOM n, maskMesh(n), mask(n) =     1455         0         1


WARNING from PE     0: ERROR: ESMF mesh and MOM6 domain masks are inconsistent! - MOM n, maskMesh(n), mask(n) =     1456         0         1


WARNING from PE     0: ERROR: ESMF mesh and MOM6 domain masks are inconsistent! - MOM n, maskMesh(n), mask(n) =     1457         0         1


WARNING from PE     0: ERROR: ESMF mesh and MOM6 domain masks are inconsistent! - MOM n, maskMesh(n), mask(n) =     1458         0         1


WARNING from PE     0: ERROR: ESMF mesh and MOM6 domain masks are inconsistent! - MOM n, maskMesh(n), mask(n) =     1459         0         1


WARNING from PE     0: ERROR: ESMF mesh and MOM6 domain masks are inconsistent! - MOM n, maskMesh(n), mask(n) =     1460         0         1


WARNING from PE     0: ERROR: ESMF mesh and MOM6 domain masks are inconsistent! - MOM n, maskMesh(n), mask(n) =     1461         0         1


WARNING from PE     0: ERROR: ESMF mesh and MOM6 domain masks are inconsistent! - MOM n, maskMesh(n), mask(n) =     1462         0         1


WARNING from PE     0: ERROR: ESMF mesh and MOM6 domain masks are inconsistent! - MOM n, maskMesh(n), mask(n) =     1463         0         1


WARNING from PE     0: ERROR: ESMF mesh and MOM6 domain masks are inconsistent! - MOM n, maskMesh(n), mask(n) =     1464         0         1


WARNING from PE     0: ERROR: ESMF mesh and MOM6 domain masks are inconsistent! - MOM n, maskMesh(n), mask(n) =     1465         0         1


WARNING from PE     0: ERROR: ESMF mesh and MOM6 domain masks are inconsistent! - MOM n, maskMesh(n), mask(n) =     1466         0         1


WARNING from PE     0: ERROR: ESMF mesh and MOM6 domain masks are inconsistent! - MOM n, maskMesh(n), mask(n) =     1467         0         1


WARNING from PE     0: ERROR: ESMF mesh and MOM6 domain masks are inconsistent! - MOM n, maskMesh(n), mask(n) =     1468         0         1


WARNING from PE     0: ERROR: ESMF mesh and MOM6 domain masks are inconsistent! - MOM n, maskMesh(n), mask(n) =     1469         0         1


WARNING from PE     0: ERROR: ESMF mesh and MOM6 domain masks are inconsistent! - MOM n, maskMesh(n), mask(n) =     1470         0         1


WARNING from PE     0: ERROR: ESMF mesh and MOM6 domain masks are inconsistent! - MOM n, maskMesh(n), mask(n) =     1471         0         1


WARNING from PE     0: ERROR: ESMF mesh and MOM6 domain masks are inconsistent! - MOM n, maskMesh(n), mask(n) =     1472         0         1


WARNING from PE     0: ERROR: ESMF mesh and MOM6 domain masks are inconsistent! - MOM n, maskMesh(n), mask(n) =     1473         0         1


WARNING from PE     0: ERROR: ESMF mesh and MOM6 domain masks are inconsistent! - MOM n, maskMesh(n), mask(n) =     1474         0         1


WARNING from PE     0: ERROR: ESMF mesh and MOM6 domain masks are inconsistent! - MOM n, maskMesh(n), mask(n) =     1475         0         1


WARNING from PE     0: ERROR: ESMF mesh and MOM6 domain masks are inconsistent! - MOM n, maskMesh(n), mask(n) =     1476         0         1


WARNING from PE     0: ERROR: ESMF mesh and MOM6 domain masks are inconsistent! - MOM n, maskMesh(n), mask(n) =     1477         0         1


WARNING from PE     0: ERROR: ESMF mesh and MOM6 domain masks are inconsistent! - MOM n, maskMesh(n), mask(n) =     1478         0         1


WARNING from PE     0: ERROR: ESMF mesh and MOM6 domain masks are inconsistent! - MOM n, maskMesh(n), mask(n) =     1479         0         1


WARNING from PE     0: ERROR: ESMF mesh and MOM6 domain masks are inconsistent! - MOM n, maskMesh(n), mask(n) =     1503         0         1


WARNING from PE     0: ERROR: ESMF mesh and MOM6 domain masks are inconsistent! - MOM n, maskMesh(n), mask(n) =     1504         0         1


WARNING from PE     0: ERROR: ESMF mesh and MOM6 domain masks are inconsistent! - MOM n, maskMesh(n), mask(n) =     1505         0         1


WARNING from PE     0: ERROR: ESMF mesh and MOM6 domain masks are inconsistent! - MOM n, maskMesh(n), mask(n) =     1506         0         1


WARNING from PE     0: ERROR: ESMF mesh and MOM6 domain masks are inconsistent! - MOM n, maskMesh(n), mask(n) =     1507         0         1


WARNING from PE     0: ERROR: ESMF mesh and MOM6 domain masks are inconsistent! - MOM n, maskMesh(n), mask(n) =     1508         0         1


WARNING from PE     0: ERROR: ESMF mesh and MOM6 domain masks are inconsistent! - MOM n, maskMesh(n), mask(n) =     1509         0         1


WARNING from PE     0: ERROR: ESMF mesh and MOM6 domain masks are inconsistent! - MOM n, maskMesh(n), mask(n) =     1510         0         1


WARNING from PE     0: ERROR: ESMF mesh and MOM6 domain masks are inconsistent! - MOM n, maskMesh(n), mask(n) =     1511         0         1


WARNING from PE     0: ERROR: ESMF mesh and MOM6 domain masks are inconsistent! - MOM n, maskMesh(n), mask(n) =     1512         0         1


WARNING from PE     0: ERROR: ESMF mesh and MOM6 domain masks are inconsistent! - MOM n, maskMesh(n), mask(n) =     1513         0         1


WARNING from PE     0: ERROR: ESMF mesh and MOM6 domain masks are inconsistent! - MOM n, maskMesh(n), mask(n) =     1514         0         1


WARNING from PE     0: ERROR: ESMF mesh and MOM6 domain masks are inconsistent! - MOM n, maskMesh(n), mask(n) =     1515         0         1


WARNING from PE     0: ERROR: ESMF mesh and MOM6 domain masks are inconsistent! - MOM n, maskMesh(n), mask(n) =     1516         0         1


WARNING from PE     0: ERROR: ESMF mesh and MOM6 domain masks are inconsistent! - MOM n, maskMesh(n), mask(n) =     1517         0         1


WARNING from PE     0: ERROR: ESMF mesh and MOM6 domain masks are inconsistent! - MOM n, maskMesh(n), mask(n) =     1518         0         1


WARNING from PE     0: ERROR: ESMF mesh and MOM6 domain masks are inconsistent! - MOM n, maskMesh(n), mask(n) =     1519         0         1


WARNING from PE     0: ERROR: ESMF mesh and MOM6 domain masks are inconsistent! - MOM n, maskMesh(n), mask(n) =     1520         0         1


WARNING from PE     0: ERROR: ESMF mesh and MOM6 domain masks are inconsistent! - MOM n, maskMesh(n), mask(n) =     1521         0         1


WARNING from PE     0: ERROR: ESMF mesh and MOM6 domain masks are inconsistent! - MOM n, maskMesh(n), mask(n) =     1522         0         1


WARNING from PE     0: ERROR: ESMF mesh and MOM6 domain masks are inconsistent! - MOM n, maskMesh(n), mask(n) =     1523         0         1


WARNING from PE     0: ERROR: ESMF mesh and MOM6 domain masks are inconsistent! - MOM n, maskMesh(n), mask(n) =     1524         0         1


WARNING from PE     0: ERROR: ESMF mesh and MOM6 domain masks are inconsistent! - MOM n, maskMesh(n), mask(n) =     1525         0         1


WARNING from PE     0: ERROR: ESMF mesh and MOM6 domain masks are inconsistent! - MOM n, maskMesh(n), mask(n) =     1526         0         1


WARNING from PE     0: ERROR: ESMF mesh and MOM6 domain masks are inconsistent! - MOM n, maskMesh(n), mask(n) =     1527         0         1


WARNING from PE     0: ERROR: ESMF mesh and MOM6 domain masks are inconsistent! - MOM n, maskMesh(n), mask(n) =     1528         0         1


WARNING from PE     0: ERROR: ESMF mesh and MOM6 domain masks are inconsistent! - MOM n, maskMesh(n), mask(n) =     1529         0         1


WARNING from PE     0: ERROR: ESMF mesh and MOM6 domain masks are inconsistent! - MOM n, maskMesh(n), mask(n) =     1530         0         1

-------->(med_phases_restart_read) mediating for: 1900  4  1  0  0  0   0
